<?xml version="1.0" encoding="UTF-8"?>
<coverage generated="1772023084578" clover="3.2.0">
  <project timestamp="1772023084579" name="All files">
    <metrics statements="65" coveredstatements="65" conditionals="38" coveredconditionals="36" methods="19" coveredmethods="19" elements="122" coveredelements="120" complexity="0" loc="65" ncloc="65" packages="2" files="2" classes="2"/>
    <package name="repositories">
      <metrics statements="32" coveredstatements="32" conditionals="28" coveredconditionals="28" methods="14" coveredmethods="14"/>
      <file name="attestationRepository.ts" path="/home/henry/projects/open-source/Credence-Backend/src/repositories/attestationRepository.ts">
        <metrics statements="32" coveredstatements="32" conditionals="28" coveredconditionals="28" methods="14" coveredmethods="14"/>
        <line num="30" count="56" type="stmt"/>
        <line num="42" count="123" type="cond" truecount="2" falsecount="0"/>
        <line num="43" count="120" type="cond" truecount="2" falsecount="0"/>
        <line num="44" count="119" type="cond" truecount="2" falsecount="0"/>
        <line num="45" count="118" type="cond" truecount="2" falsecount="0"/>
        <line num="51" count="4" type="stmt"/>
        <line num="54" count="114" type="stmt"/>
        <line num="64" count="114" type="stmt"/>
        <line num="65" count="114" type="stmt"/>
        <line num="72" count="6" type="stmt"/>
        <line num="73" count="6" type="cond" truecount="2" falsecount="0"/>
        <line num="93" count="25" type="stmt"/>
        <line num="94" count="25" type="stmt"/>
        <line num="96" count="81" type="stmt"/>
        <line num="98" count="25" type="cond" truecount="2" falsecount="0"/>
        <line num="99" count="68" type="stmt"/>
        <line num="103" count="25" type="stmt"/>
        <line num="104" count="53" type="stmt"/>
        <line num="107" count="25" type="stmt"/>
        <line num="108" count="25" type="stmt"/>
        <line num="109" count="51" type="stmt"/>
        <line num="111" count="25" type="stmt"/>
        <line num="121" count="10" type="stmt"/>
        <line num="123" count="30" type="cond" truecount="3" falsecount="0"/>
        <line num="137" count="19" type="stmt"/>
        <line num="138" count="19" type="cond" truecount="2" falsecount="0"/>
        <line num="139" count="17" type="cond" truecount="2" falsecount="0"/>
        <line num="140" count="2" type="stmt"/>
        <line num="142" count="15" type="stmt"/>
        <line num="143" count="15" type="stmt"/>
        <line num="150" count="3" type="stmt"/>
        <line num="155" count="1" type="stmt"/>
      </file>
    </package>
    <package name="routes">
      <metrics statements="33" coveredstatements="33" conditionals="10" coveredconditionals="8" methods="5" coveredmethods="5"/>
      <file name="attestations.ts" path="/home/henry/projects/open-source/Credence-Backend/src/routes/attestations.ts">
        <metrics statements="33" coveredstatements="33" conditionals="10" coveredconditionals="8" methods="5" coveredmethods="5"/>
        <line num="29" count="20" type="stmt"/>
        <line num="39" count="20" type="stmt"/>
        <line num="40" count="5" type="stmt"/>
        <line num="41" count="5" type="stmt"/>
        <line num="43" count="5" type="stmt"/>
        <line num="45" count="5" type="stmt"/>
        <line num="51" count="5" type="stmt"/>
        <line num="68" count="20" type="stmt"/>
        <line num="69" count="13" type="stmt"/>
        <line num="70" count="13" type="cond" truecount="2" falsecount="0"/>
        <line num="71" count="13" type="cond" truecount="2" falsecount="0"/>
        <line num="72" count="13" type="stmt"/>
        <line num="74" count="13" type="stmt"/>
        <line num="80" count="13" type="stmt"/>
        <line num="82" count="13" type="stmt"/>
        <line num="91" count="13" type="stmt"/>
        <line num="101" count="20" type="stmt"/>
        <line num="102" count="41" type="stmt"/>
        <line num="103" count="41" type="stmt"/>
        <line num="110" count="41" type="stmt"/>
        <line num="111" count="41" type="stmt"/>
        <line num="113" count="2" type="cond" truecount="1" falsecount="1"/>
        <line num="114" count="2" type="stmt"/>
        <line num="123" count="20" type="stmt"/>
        <line num="124" count="10" type="stmt"/>
        <line num="125" count="10" type="stmt"/>
        <line num="126" count="10" type="cond" truecount="2" falsecount="0"/>
        <line num="127" count="1" type="stmt"/>
        <line num="128" count="1" type="stmt"/>
        <line num="130" count="8" type="stmt"/>
        <line num="132" count="1" type="cond" truecount="1" falsecount="1"/>
        <line num="133" count="1" type="stmt"/>
        <line num="137" count="20" type="stmt"/>
      </file>
    </package>
  </project>
</coverage>
