{"/home/henry/projects/open-source/Credence-Backend/src/repositories/attestationRepository.ts": {"path":"/home/henry/projects/open-source/Credence-Backend/src/repositories/attestationRepository.ts","statementMap":{"0":{"start":{"line":30,"column":42},"end":{"line":30,"column":null}},"1":{"start":{"line":42,"column":4},"end":{"line":42,"column":null}},"2":{"start":{"line":42,"column":33},"end":{"line":42,"column":null}},"3":{"start":{"line":43,"column":4},"end":{"line":43,"column":null}},"4":{"start":{"line":43,"column":34},"end":{"line":43,"column":null}},"5":{"start":{"line":44,"column":4},"end":{"line":44,"column":null}},"6":{"start":{"line":44,"column":31},"end":{"line":44,"column":null}},"7":{"start":{"line":45,"column":4},"end":{"line":52,"column":null}},"8":{"start":{"line":51,"column":6},"end":{"line":51,"column":null}},"9":{"start":{"line":54,"column":37},"end":{"line":62,"column":null}},"10":{"start":{"line":64,"column":4},"end":{"line":64,"column":null}},"11":{"start":{"line":65,"column":4},"end":{"line":65,"column":null}},"12":{"start":{"line":72,"column":16},"end":{"line":72,"column":null}},"13":{"start":{"line":72,"column":39},"end":{"line":72,"column":50}},"14":{"start":{"line":73,"column":4},"end":{"line":73,"column":null}},"15":{"start":{"line":93,"column":21},"end":{"line":93,"column":null}},"16":{"start":{"line":94,"column":22},"end":{"line":94,"column":null}},"17":{"start":{"line":96,"column":18},"end":{"line":96,"column":null}},"18":{"start":{"line":96,"column":43},"end":{"line":96,"column":64}},"19":{"start":{"line":98,"column":4},"end":{"line":100,"column":null}},"20":{"start":{"line":99,"column":6},"end":{"line":99,"column":null}},"21":{"start":{"line":99,"column":38},"end":{"line":99,"column":58}},"22":{"start":{"line":103,"column":4},"end":{"line":105,"column":null}},"23":{"start":{"line":104,"column":16},"end":{"line":104,"column":null}},"24":{"start":{"line":107,"column":18},"end":{"line":107,"column":null}},"25":{"start":{"line":108,"column":10},"end":{"line":108,"column":null}},"26":{"start":{"line":109,"column":25},"end":{"line":109,"column":null}},"27":{"start":{"line":109,"column":79},"end":{"line":109,"column":88}},"28":{"start":{"line":111,"column":4},"end":{"line":111,"column":null}},"29":{"start":{"line":121,"column":4},"end":{"line":125,"column":null}},"30":{"start":{"line":123,"column":8},"end":{"line":124,"column":null}},"31":{"start":{"line":137,"column":16},"end":{"line":137,"column":null}},"32":{"start":{"line":137,"column":39},"end":{"line":137,"column":50}},"33":{"start":{"line":138,"column":4},"end":{"line":138,"column":null}},"34":{"start":{"line":138,"column":14},"end":{"line":138,"column":null}},"35":{"start":{"line":139,"column":4},"end":{"line":141,"column":null}},"36":{"start":{"line":140,"column":6},"end":{"line":140,"column":null}},"37":{"start":{"line":142,"column":4},"end":{"line":142,"column":null}},"38":{"start":{"line":143,"column":4},"end":{"line":143,"column":null}},"39":{"start":{"line":150,"column":4},"end":{"line":150,"column":null}},"40":{"start":{"line":155,"column":4},"end":{"line":155,"column":null}}},"fnMap":{"0":{"name":"(anonymous_0)","decl":{"start":{"line":41,"column":2},"end":{"line":41,"column":9}},"loc":{"start":{"line":41,"column":55},"end":{"line":66,"column":null}},"line":41},"1":{"name":"(anonymous_1)","decl":{"start":{"line":71,"column":2},"end":{"line":71,"column":11}},"loc":{"start":{"line":71,"column":48},"end":{"line":74,"column":null}},"line":71},"2":{"name":"(anonymous_2)","decl":{"start":{"line":72,"column":32},"end":{"line":72,"column":33}},"loc":{"start":{"line":72,"column":39},"end":{"line":72,"column":50}},"line":72},"3":{"name":"(anonymous_3)","decl":{"start":{"line":85,"column":2},"end":{"line":85,"column":null}},"loc":{"start":{"line":92,"column":52},"end":{"line":112,"column":null}},"line":92},"4":{"name":"(anonymous_4)","decl":{"start":{"line":96,"column":36},"end":{"line":96,"column":37}},"loc":{"start":{"line":96,"column":43},"end":{"line":96,"column":64}},"line":96},"5":{"name":"(anonymous_5)","decl":{"start":{"line":99,"column":31},"end":{"line":99,"column":32}},"loc":{"start":{"line":99,"column":38},"end":{"line":99,"column":58}},"line":99},"6":{"name":"(anonymous_6)","decl":{"start":{"line":104,"column":6},"end":{"line":104,"column":7}},"loc":{"start":{"line":104,"column":16},"end":{"line":104,"column":null}},"line":104},"7":{"name":"(anonymous_7)","decl":{"start":{"line":109,"column":71},"end":{"line":109,"column":72}},"loc":{"start":{"line":109,"column":79},"end":{"line":109,"column":88}},"line":109},"8":{"name":"(anonymous_8)","decl":{"start":{"line":120,"column":2},"end":{"line":120,"column":17}},"loc":{"start":{"line":120,"column":66},"end":{"line":126,"column":null}},"line":120},"9":{"name":"(anonymous_9)","decl":{"start":{"line":122,"column":6},"end":{"line":122,"column":7}},"loc":{"start":{"line":123,"column":8},"end":{"line":124,"column":null}},"line":123},"10":{"name":"(anonymous_10)","decl":{"start":{"line":136,"column":2},"end":{"line":136,"column":9}},"loc":{"start":{"line":136,"column":46},"end":{"line":144,"column":null}},"line":136},"11":{"name":"(anonymous_11)","decl":{"start":{"line":137,"column":32},"end":{"line":137,"column":33}},"loc":{"start":{"line":137,"column":39},"end":{"line":137,"column":50}},"line":137},"12":{"name":"(anonymous_12)","decl":{"start":{"line":149,"column":6},"end":{"line":149,"column":21}},"loc":{"start":{"line":149,"column":21},"end":{"line":151,"column":null}},"line":149},"13":{"name":"(anonymous_13)","decl":{"start":{"line":154,"column":2},"end":{"line":154,"column":16}},"loc":{"start":{"line":154,"column":16},"end":{"line":156,"column":null}},"line":154}},"branchMap":{"0":{"loc":{"start":{"line":42,"column":4},"end":{"line":42,"column":null}},"type":"if","locations":[{"start":{"line":42,"column":4},"end":{"line":42,"column":null}},{"start":{},"end":{}}],"line":42},"1":{"loc":{"start":{"line":43,"column":4},"end":{"line":43,"column":null}},"type":"if","locations":[{"start":{"line":43,"column":4},"end":{"line":43,"column":null}},{"start":{},"end":{}}],"line":43},"2":{"loc":{"start":{"line":44,"column":4},"end":{"line":44,"column":null}},"type":"if","locations":[{"start":{"line":44,"column":4},"end":{"line":44,"column":null}},{"start":{},"end":{}}],"line":44},"3":{"loc":{"start":{"line":45,"column":4},"end":{"line":52,"column":null}},"type":"if","locations":[{"start":{"line":45,"column":4},"end":{"line":52,"column":null}},{"start":{},"end":{}}],"line":45},"4":{"loc":{"start":{"line":46,"column":6},"end":{"line":49,"column":null}},"type":"binary-expr","locations":[{"start":{"line":46,"column":6},"end":{"line":46,"column":null}},{"start":{"line":47,"column":6},"end":{"line":47,"column":null}},{"start":{"line":48,"column":6},"end":{"line":48,"column":null}},{"start":{"line":49,"column":6},"end":{"line":49,"column":null}}],"line":46},"5":{"loc":{"start":{"line":73,"column":11},"end":{"line":73,"column":null}},"type":"cond-expr","locations":[{"start":{"line":73,"column":17},"end":{"line":73,"column":30}},{"start":{"line":73,"column":30},"end":{"line":73,"column":null}}],"line":73},"6":{"loc":{"start":{"line":87,"column":4},"end":{"line":91,"column":null}},"type":"default-arg","locations":[{"start":{"line":91,"column":69},"end":{"line":91,"column":null}}],"line":87},"7":{"loc":{"start":{"line":88,"column":6},"end":{"line":88,"column":null}},"type":"default-arg","locations":[{"start":{"line":88,"column":23},"end":{"line":88,"column":null}}],"line":88},"8":{"loc":{"start":{"line":89,"column":6},"end":{"line":89,"column":null}},"type":"default-arg","locations":[{"start":{"line":89,"column":13},"end":{"line":89,"column":null}}],"line":89},"9":{"loc":{"start":{"line":90,"column":6},"end":{"line":90,"column":null}},"type":"default-arg","locations":[{"start":{"line":90,"column":14},"end":{"line":90,"column":null}}],"line":90},"10":{"loc":{"start":{"line":98,"column":4},"end":{"line":100,"column":null}},"type":"if","locations":[{"start":{"line":98,"column":4},"end":{"line":100,"column":null}},{"start":{},"end":{}}],"line":98},"11":{"loc":{"start":{"line":120,"column":34},"end":{"line":120,"column":66}},"type":"default-arg","locations":[{"start":{"line":120,"column":51},"end":{"line":120,"column":66}}],"line":120},"12":{"loc":{"start":{"line":123,"column":8},"end":{"line":124,"column":null}},"type":"binary-expr","locations":[{"start":{"line":123,"column":8},"end":{"line":123,"column":null}},{"start":{"line":124,"column":9},"end":{"line":124,"column":27}},{"start":{"line":124,"column":27},"end":{"line":124,"column":null}}],"line":123},"13":{"loc":{"start":{"line":138,"column":4},"end":{"line":138,"column":null}},"type":"if","locations":[{"start":{"line":138,"column":4},"end":{"line":138,"column":null}},{"start":{},"end":{}}],"line":138},"14":{"loc":{"start":{"line":139,"column":4},"end":{"line":141,"column":null}},"type":"if","locations":[{"start":{"line":139,"column":4},"end":{"line":141,"column":null}},{"start":{},"end":{}}],"line":139}},"s":{"0":56,"1":123,"2":3,"3":120,"4":1,"5":119,"6":1,"7":118,"8":4,"9":114,"10":114,"11":114,"12":6,"13":5,"14":6,"15":25,"16":25,"17":25,"18":81,"19":25,"20":21,"21":68,"22":25,"23":53,"24":25,"25":25,"26":25,"27":51,"28":25,"29":10,"30":30,"31":19,"32":18,"33":19,"34":2,"35":17,"36":2,"37":15,"38":15,"39":3,"40":1},"f":{"0":123,"1":6,"2":5,"3":25,"4":81,"5":68,"6":53,"7":51,"8":10,"9":30,"10":19,"11":18,"12":3,"13":1},"b":{"0":[3,120],"1":[1,119],"2":[1,118],"3":[4,114],"4":[118,118,117,116],"5":[5,1],"6":[25],"7":[25],"8":[25],"9":[25],"10":[21,4],"11":[10],"12":[30,25,18],"13":[2,17],"14":[2,15]},"meta":{"lastBranch":15,"lastFunction":14,"lastStatement":41,"seen":{"s:30:42:30:Infinity":0,"f:41:2:41:9":0,"b:42:4:42:Infinity:undefined:undefined:undefined:undefined":0,"s:42:4:42:Infinity":1,"s:42:33:42:Infinity":2,"b:43:4:43:Infinity:undefined:undefined:undefined:undefined":1,"s:43:4:43:Infinity":3,"s:43:34:43:Infinity":4,"b:44:4:44:Infinity:undefined:undefined:undefined:undefined":2,"s:44:4:44:Infinity":5,"s:44:31:44:Infinity":6,"b:45:4:52:Infinity:undefined:undefined:undefined:undefined":3,"s:45:4:52:Infinity":7,"b:46:6:46:Infinity:47:6:47:Infinity:48:6:48:Infinity:49:6:49:Infinity":4,"s:51:6:51:Infinity":8,"s:54:37:62:Infinity":9,"s:64:4:64:Infinity":10,"s:65:4:65:Infinity":11,"f:71:2:71:11":1,"s:72:16:72:Infinity":12,"f:72:32:72:33":2,"s:72:39:72:50":13,"s:73:4:73:Infinity":14,"b:73:17:73:30:73:30:73:Infinity":5,"f:85:2:85:Infinity":3,"b:91:69:91:Infinity":6,"b:88:23:88:Infinity":7,"b:89:13:89:Infinity":8,"b:90:14:90:Infinity":9,"s:93:21:93:Infinity":15,"s:94:22:94:Infinity":16,"s:96:18:96:Infinity":17,"f:96:36:96:37":4,"s:96:43:96:64":18,"b:98:4:100:Infinity:undefined:undefined:undefined:undefined":10,"s:98:4:100:Infinity":19,"s:99:6:99:Infinity":20,"f:99:31:99:32":5,"s:99:38:99:58":21,"s:103:4:105:Infinity":22,"f:104:6:104:7":6,"s:104:16:104:Infinity":23,"s:107:18:107:Infinity":24,"s:108:10:108:Infinity":25,"s:109:25:109:Infinity":26,"f:109:71:109:72":7,"s:109:79:109:88":27,"s:111:4:111:Infinity":28,"f:120:2:120:17":8,"b:120:51:120:66":11,"s:121:4:125:Infinity":29,"f:122:6:122:7":9,"s:123:8:124:Infinity":30,"b:123:8:123:Infinity:124:9:124:27:124:27:124:Infinity":12,"f:136:2:136:9":10,"s:137:16:137:Infinity":31,"f:137:32:137:33":11,"s:137:39:137:50":32,"b:138:4:138:Infinity:undefined:undefined:undefined:undefined":13,"s:138:4:138:Infinity":33,"s:138:14:138:Infinity":34,"b:139:4:141:Infinity:undefined:undefined:undefined:undefined":14,"s:139:4:141:Infinity":35,"s:140:6:140:Infinity":36,"s:142:4:142:Infinity":37,"s:143:4:143:Infinity":38,"f:149:6:149:21":12,"s:150:4:150:Infinity":39,"f:154:2:154:16":13,"s:155:4:155:Infinity":40}}}
,"/home/henry/projects/open-source/Credence-Backend/src/routes/attestations.ts": {"path":"/home/henry/projects/open-source/Credence-Backend/src/routes/attestations.ts","statementMap":{"0":{"start":{"line":29,"column":8},"end":{"line":29,"column":null}},"1":{"start":{"line":39,"column":2},"end":{"line":52,"column":null}},"2":{"start":{"line":40,"column":25},"end":{"line":40,"column":null}},"3":{"start":{"line":41,"column":27},"end":{"line":41,"column":null}},"4":{"start":{"line":43,"column":18},"end":{"line":43,"column":null}},"5":{"start":{"line":45,"column":43},"end":{"line":49,"column":null}},"6":{"start":{"line":51,"column":4},"end":{"line":51,"column":null}},"7":{"start":{"line":68,"column":2},"end":{"line":92,"column":null}},"8":{"start":{"line":69,"column":25},"end":{"line":69,"column":null}},"9":{"start":{"line":70,"column":17},"end":{"line":70,"column":null}},"10":{"start":{"line":71,"column":18},"end":{"line":71,"column":null}},"11":{"start":{"line":72,"column":27},"end":{"line":72,"column":null}},"12":{"start":{"line":74,"column":36},"end":{"line":78,"column":null}},"13":{"start":{"line":80,"column":23},"end":{"line":80,"column":null}},"14":{"start":{"line":82,"column":42},"end":{"line":89,"column":null}},"15":{"start":{"line":91,"column":4},"end":{"line":91,"column":null}},"16":{"start":{"line":101,"column":2},"end":{"line":116,"column":null}},"17":{"start":{"line":102,"column":4},"end":{"line":115,"column":null}},"18":{"start":{"line":103,"column":51},"end":{"line":103,"column":null}},"19":{"start":{"line":110,"column":26},"end":{"line":110,"column":null}},"20":{"start":{"line":111,"column":6},"end":{"line":111,"column":null}},"21":{"start":{"line":113,"column":22},"end":{"line":113,"column":null}},"22":{"start":{"line":114,"column":6},"end":{"line":114,"column":null}},"23":{"start":{"line":123,"column":2},"end":{"line":135,"column":null}},"24":{"start":{"line":124,"column":4},"end":{"line":134,"column":null}},"25":{"start":{"line":125,"column":21},"end":{"line":125,"column":null}},"26":{"start":{"line":126,"column":6},"end":{"line":129,"column":null}},"27":{"start":{"line":127,"column":8},"end":{"line":127,"column":null}},"28":{"start":{"line":128,"column":8},"end":{"line":128,"column":null}},"29":{"start":{"line":130,"column":6},"end":{"line":130,"column":null}},"30":{"start":{"line":132,"column":22},"end":{"line":132,"column":null}},"31":{"start":{"line":133,"column":6},"end":{"line":133,"column":null}},"32":{"start":{"line":137,"column":2},"end":{"line":137,"column":null}}},"fnMap":{"0":{"name":"createAttestationRouter","decl":{"start":{"line":28,"column":16},"end":{"line":28,"column":40}},"loc":{"start":{"line":28,"column":77},"end":{"line":138,"column":null}},"line":28},"1":{"name":"(anonymous_1)","decl":{"start":{"line":39,"column":33},"end":{"line":39,"column":34}},"loc":{"start":{"line":39,"column":72},"end":{"line":52,"column":3}},"line":39},"2":{"name":"(anonymous_2)","decl":{"start":{"line":68,"column":27},"end":{"line":68,"column":28}},"loc":{"start":{"line":68,"column":66},"end":{"line":92,"column":3}},"line":68},"3":{"name":"(anonymous_3)","decl":{"start":{"line":101,"column":19},"end":{"line":101,"column":20}},"loc":{"start":{"line":101,"column":58},"end":{"line":116,"column":3}},"line":101},"4":{"name":"(anonymous_4)","decl":{"start":{"line":123,"column":24},"end":{"line":123,"column":25}},"loc":{"start":{"line":123,"column":63},"end":{"line":135,"column":3}},"line":123}},"branchMap":{"0":{"loc":{"start":{"line":70,"column":29},"end":{"line":70,"column":56}},"type":"binary-expr","locations":[{"start":{"line":70,"column":29},"end":{"line":70,"column":55}},{"start":{"line":70,"column":55},"end":{"line":70,"column":56}}],"line":70},"1":{"loc":{"start":{"line":71,"column":44},"end":{"line":71,"column":73}},"type":"binary-expr","locations":[{"start":{"line":71,"column":44},"end":{"line":71,"column":71}},{"start":{"line":71,"column":71},"end":{"line":71,"column":73}}],"line":71},"2":{"loc":{"start":{"line":113,"column":22},"end":{"line":113,"column":null}},"type":"cond-expr","locations":[{"start":{"line":113,"column":45},"end":{"line":113,"column":59}},{"start":{"line":113,"column":59},"end":{"line":113,"column":null}}],"line":113},"3":{"loc":{"start":{"line":126,"column":6},"end":{"line":129,"column":null}},"type":"if","locations":[{"start":{"line":126,"column":6},"end":{"line":129,"column":null}},{"start":{},"end":{}}],"line":126},"4":{"loc":{"start":{"line":132,"column":22},"end":{"line":132,"column":null}},"type":"cond-expr","locations":[{"start":{"line":132,"column":45},"end":{"line":132,"column":59}},{"start":{"line":132,"column":59},"end":{"line":132,"column":null}}],"line":132}},"s":{"0":20,"1":20,"2":5,"3":5,"4":5,"5":5,"6":5,"7":20,"8":13,"9":13,"10":13,"11":13,"12":13,"13":13,"14":13,"15":13,"16":20,"17":41,"18":41,"19":41,"20":41,"21":2,"22":2,"23":20,"24":10,"25":10,"26":10,"27":1,"28":1,"29":8,"30":1,"31":1,"32":20},"f":{"0":20,"1":5,"2":13,"3":41,"4":10},"b":{"0":[13,10],"1":[13,9],"2":[2,0],"3":[1,9],"4":[1,0]},"meta":{"lastBranch":5,"lastFunction":5,"lastStatement":33,"seen":{"f:28:16:28:40":0,"s:29:8:29:Infinity":0,"s:39:2:52:Infinity":1,"f:39:33:39:34":1,"s:40:25:40:Infinity":2,"s:41:27:41:Infinity":3,"s:43:18:43:Infinity":4,"s:45:43:49:Infinity":5,"s:51:4:51:Infinity":6,"s:68:2:92:Infinity":7,"f:68:27:68:28":2,"s:69:25:69:Infinity":8,"s:70:17:70:Infinity":9,"b:70:29:70:55:70:55:70:56":0,"s:71:18:71:Infinity":10,"b:71:44:71:71:71:71:71:73":1,"s:72:27:72:Infinity":11,"s:74:36:78:Infinity":12,"s:80:23:80:Infinity":13,"s:82:42:89:Infinity":14,"s:91:4:91:Infinity":15,"s:101:2:116:Infinity":16,"f:101:19:101:20":3,"s:102:4:115:Infinity":17,"s:103:51:103:Infinity":18,"s:110:26:110:Infinity":19,"s:111:6:111:Infinity":20,"s:113:22:113:Infinity":21,"b:113:45:113:59:113:59:113:Infinity":2,"s:114:6:114:Infinity":22,"s:123:2:135:Infinity":23,"f:123:24:123:25":4,"s:124:4:134:Infinity":24,"s:125:21:125:Infinity":25,"b:126:6:129:Infinity:undefined:undefined:undefined:undefined":3,"s:126:6:129:Infinity":26,"s:127:8:127:Infinity":27,"s:128:8:128:Infinity":28,"s:130:6:130:Infinity":29,"s:132:22:132:Infinity":30,"b:132:45:132:59:132:59:132:Infinity":4,"s:133:6:133:Infinity":31,"s:137:2:137:Infinity":32}}}
}
